2024-10-08 04:38:41.008 [info] [main] Log level: Info
2024-10-08 04:38:41.008 [info] [main] Validating found git in: "git"
2024-10-08 04:38:41.009 [info] [main] Using git "2.43.0" from "git"
2024-10-08 04:38:41.009 [info] [Model][doInitialScan] Initial repository scan started
2024-10-08 04:38:41.009 [info] > git rev-parse --show-toplevel [4ms]
2024-10-08 04:38:41.009 [info] fatal: not a git repository (or any parent up to mount point /)
Stopping at filesystem boundary (GIT_DISCOVERY_ACROSS_FILESYSTEM not set).
2024-10-08 04:38:41.009 [info] [Model][doInitialScan] Initial repository scan completed - repositories (0), closed repositories (0), parent repositories (0), unsafe repositories (0)
2024-10-08 04:38:44.699 [info] > git rev-parse --show-toplevel [12ms]
2024-10-08 04:38:44.699 [info] fatal: not a git repository (or any parent up to mount point /)
Stopping at filesystem boundary (GIT_DISCOVERY_ACROSS_FILESYSTEM not set).
2024-10-08 04:40:12.578 [info] > git rev-parse --show-toplevel [25ms]
2024-10-08 04:40:12.578 [info] fatal: not a git repository (or any parent up to mount point /)
Stopping at filesystem boundary (GIT_DISCOVERY_ACROSS_FILESYSTEM not set).
2024-10-08 04:42:58.222 [info] > git rev-parse --show-toplevel [12ms]
2024-10-08 04:42:58.222 [info] fatal: not a git repository (or any parent up to mount point /)
Stopping at filesystem boundary (GIT_DISCOVERY_ACROSS_FILESYSTEM not set).
2024-10-08 04:43:54.324 [info] > git rev-parse --show-toplevel [4ms]
2024-10-08 04:43:54.324 [info] fatal: not a git repository (or any parent up to mount point /)
Stopping at filesystem boundary (GIT_DISCOVERY_ACROSS_FILESYSTEM not set).
2024-10-08 04:43:55.819 [info] > git rev-parse --show-toplevel [4ms]
2024-10-08 04:43:55.819 [info] fatal: not a git repository (or any parent up to mount point /)
Stopping at filesystem boundary (GIT_DISCOVERY_ACROSS_FILESYSTEM not set).
2024-10-08 04:44:26.289 [info] > git rev-parse --show-toplevel [3ms]
2024-10-08 04:44:26.290 [info] fatal: not a git repository (or any parent up to mount point /)
Stopping at filesystem boundary (GIT_DISCOVERY_ACROSS_FILESYSTEM not set).
2024-10-08 04:44:28.039 [info] > git rev-parse --show-toplevel [3ms]
2024-10-08 04:44:28.039 [info] fatal: not a git repository (or any parent up to mount point /)
Stopping at filesystem boundary (GIT_DISCOVERY_ACROSS_FILESYSTEM not set).
